#
# There is insufficient memory for the Java Runtime Environment to continue.
# Native memory allocation (malloc) failed to allocate 315856 bytes. Error detail: Chunk::new
# Possible reasons:
#   The system is out of physical RAM or swap space
#   This process is running with CompressedOops enabled, and the Java Heap may be blocking the growth of the native heap
# Possible solutions:
#   Reduce memory load on the system
#   Increase physical memory or swap space
#   Check if swap backing store is full
#   Decrease Java heap size (-Xmx/-Xms)
#   Decrease number of Java threads
#   Decrease Java thread stack sizes (-Xss)
#   Set larger code cache with -XX:ReservedCodeCacheSize=
#   JVM is running with Unscaled Compressed Oops mode in which the Java heap is
#     placed in the first 4GB address space. The Java Heap base address is the
#     maximum limit for the native heap growth. Please use -XX:HeapBaseMinAddress
#     to set the Java Heap base and to place the Java Heap above 4GB virtual address.
# This output file may be truncated or incomplete.
#
#  Out of Memory Error (arena.cpp:149), pid=15644, tid=9360
#
# JRE version: OpenJDK Runtime Environment (23.0.1+11) (build 23.0.1+11-39)
# Java VM: OpenJDK 64-Bit Server VM (23.0.1+11-39, mixed mode, sharing, tiered, compressed oops, compressed class ptrs, g1 gc, windows-amd64)
# No core dump will be written. Minidumps are not enabled by default on client versions of Windows
#

---------------  S U M M A R Y ------------

Command Line: -javaagent:C:\Users\nicol\AppData\Local\JetBrains\IntelliJ IDEA 2024.3.1.1\lib\idea_rt.jar=52916:C:\Users\nicol\AppData\Local\JetBrains\IntelliJ IDEA 2024.3.1.1\bin -Dfile.encoding=UTF-8 -Dsun.stdout.encoding=UTF-8 -Dsun.stderr.encoding=UTF-8 FemaleArtistsVisualization

Host: Intel(R) Celeron(R) N4000 CPU @ 1.10GHz, 2 cores, 3G,  Windows 10 , 64 bit Build 19041 (10.0.19041.2788)
Time: Sun Mar  9 22:55:33 2025 Central Daylight Time elapsed time: 6.891773 seconds (0d 0h 0m 6s)

---------------  T H R E A D  ---------------

Current thread (0x000001a8e1086720):  JavaThread "C2 CompilerThread0" daemon [_thread_in_native, id=9360, stack(0x0000005f02600000,0x0000005f02700000) (1024K)]


Current CompileTask:
C2:6892  846       4       jdk.internal.util.xml.impl.Parser::step (891 bytes)

Stack: [0x0000005f02600000,0x0000005f02700000]
Native frames: (J=compiled Java code, j=interpreted, Vv=VM code, C=native code)
V  [jvm.dll+0x6e08b9]  (no source info available)
V  [jvm.dll+0x87dc83]  (no source info available)
V  [jvm.dll+0x88010e]  (no source info available)
V  [jvm.dll+0x8807e3]  (no source info available)
V  [jvm.dll+0x27aee6]  (no source info available)
V  [jvm.dll+0xbc06f]  (no source info available)
V  [jvm.dll+0xbc2cb]  (no source info available)
V  [jvm.dll+0x2ee94d]  (no source info available)
V  [jvm.dll+0x6063d9]  (no source info available)
V  [jvm.dll+0x24ddf2]  (no source info available)
V  [jvm.dll+0x2468c4]  (no source info available)
V  [jvm.dll+0x243d04]  (no source info available)
V  [jvm.dll+0x1c33a0]  (no source info available)
V  [jvm.dll+0x253cf1]  (no source info available)
V  [jvm.dll+0x251faa]  (no source info available)
V  [jvm.dll+0x3ee036]  (no source info available)
V  [jvm.dll+0x824f8b]  (no source info available)
V  [jvm.dll+0x6df065]  (no source info available)
C  [ucrtbase.dll+0x21bb2]  (no source info available)
C  [KERNEL32.DLL+0x17604]  (no source info available)
C  [ntdll.dll+0x526a1]  (no source info available)

Lock stack of current Java thread (top to bottom):


---------------  P R O C E S S  ---------------

Threads class SMR info:
_java_thread_list=0x000001a8c125cad0, length=12, elements={
0x000001a8c420eb20, 0x000001a8e107e420, 0x000001a8e107fff0, 0x000001a8e1080a50,
0x000001a8e10824c0, 0x000001a8e1082f20, 0x000001a8e1083980, 0x000001a8e1086720,
0x000001a8e108b990, 0x000001a8c1040520, 0x000001a8c126b110, 0x000001a8c126b780
}

Java Threads: ( => current thread )
  0x000001a8c420eb20 JavaThread "main"                              [_thread_in_native, id=15548, stack(0x0000005f01800000,0x0000005f01900000) (1024K)]
  0x000001a8e107e420 JavaThread "Reference Handler"          daemon [_thread_blocked, id=11448, stack(0x0000005f02000000,0x0000005f02100000) (1024K)]
  0x000001a8e107fff0 JavaThread "Finalizer"                  daemon [_thread_blocked, id=1576, stack(0x0000005f02100000,0x0000005f02200000) (1024K)]
  0x000001a8e1080a50 JavaThread "Signal Dispatcher"          daemon [_thread_blocked, id=5520, stack(0x0000005f02200000,0x0000005f02300000) (1024K)]
  0x000001a8e10824c0 JavaThread "Attach Listener"            daemon [_thread_in_native, id=7460, stack(0x0000005f02300000,0x0000005f02400000) (1024K)]
  0x000001a8e1082f20 JavaThread "Service Thread"             daemon [_thread_blocked, id=15524, stack(0x0000005f02400000,0x0000005f02500000) (1024K)]
  0x000001a8e1083980 JavaThread "Monitor Deflation Thread"   daemon [_thread_blocked, id=7480, stack(0x0000005f02500000,0x0000005f02600000) (1024K)]
=>0x000001a8e1086720 JavaThread "C2 CompilerThread0"         daemon [_thread_in_native, id=9360, stack(0x0000005f02600000,0x0000005f02700000) (1024K)]
  0x000001a8e108b990 JavaThread "C1 CompilerThread0"         daemon [_thread_blocked, id=11248, stack(0x0000005f02700000,0x0000005f02800000) (1024K)]
  0x000001a8c1040520 JavaThread "Common-Cleaner"             daemon [_thread_blocked, id=4892, stack(0x0000005f02800000,0x0000005f02900000) (1024K)]
  0x000001a8c126b110 JavaThread "Monitor Ctrl-Break"         daemon [_thread_in_vm, id=14020, stack(0x0000005f02900000,0x0000005f02a00000) (1024K)]
  0x000001a8c126b780 JavaThread "Notification Thread"        daemon [_thread_blocked, id=6660, stack(0x0000005f02a00000,0x0000005f02b00000) (1024K)]
Total: 12

Other Threads:
  0x000001a8e1069370 VMThread "VM Thread"                           [id=19208, stack(0x0000005f01f00000,0x0000005f02000000) (1024K)]
  0x000001a8e1057c00 WatcherThread "VM Periodic Task Thread"        [id=17768, stack(0x0000005f01e00000,0x0000005f01f00000) (1024K)]
  0x000001a8c64eef00 WorkerThread "GC Thread#0"                     [id=16480, stack(0x0000005f01900000,0x0000005f01a00000) (1024K)]
  0x000001a8c1385170 WorkerThread "GC Thread#1"                     [id=7124, stack(0x0000005f02b00000,0x0000005f02c00000) (1024K)]
  0x000001a8c64f9ea0 ConcurrentGCThread "G1 Main Marker"            [id=11472, stack(0x0000005f01a00000,0x0000005f01b00000) (1024K)]
  0x000001a8c64fa8c0 WorkerThread "G1 Conc#0"                       [id=9044, stack(0x0000005f01b00000,0x0000005f01c00000) (1024K)]
  0x000001a8c6586950 ConcurrentGCThread "G1 Refine#0"               [id=7388, stack(0x0000005f01c00000,0x0000005f01d00000) (1024K)]
  0x000001a8c65892f0 ConcurrentGCThread "G1 Service"                [id=8348, stack(0x0000005f01d00000,0x0000005f01e00000) (1024K)]
Total: 8

Threads with active compile tasks:
C2 CompilerThread0  7129  846       4       jdk.internal.util.xml.impl.Parser::step (891 bytes)
Total: 1

VM state: not at safepoint (normal execution)

VM Mutex/Monitor currently owned by a thread: None

Heap address: 0x00000000c3a00000, size: 966 MB, Compressed Oops mode: 32-bit

CDS archive(s) mapped at: [0x000001a880000000-0x000001a880d70000-0x000001a880d70000), size 14090240, SharedBaseAddress: 0x000001a880000000, ArchiveRelocationMode: 1.
Compressed class space mapped at: 0x000001a881000000-0x000001a8c1000000, reserved size: 1073741824
Narrow klass base: 0x000001a880000000, Narrow klass shift: 0, Narrow klass range: 0x41000000

GC Precious Log:
 CardTable entry size: 512
 Card Set container configuration: InlinePtr #cards 5 size 8 Array Of Cards #cards 10 size 36 Howl #buckets 4 coarsen threshold 1843 Howl Bitmap #cards 512 size 80 coarsen threshold 460 Card regions per heap region 1 cards per card region 2048
 CPUs: 2 total, 2 available
 Memory: 3858M
 Large Page Support: Disabled
 NUMA Support: Disabled
 Compressed Oops: Enabled (32-bit)
 Heap Region Size: 1M
 Heap Min Capacity: 8M
 Heap Initial Capacity: 62M
 Heap Max Capacity: 966M
 Pre-touch: Disabled
 Parallel Workers: 2
 Concurrent Workers: 1
 Concurrent Refinement Workers: 2
 Periodic GC: Disabled

Heap:
 garbage-first heap   total reserved 989184K, committed 63488K, used 4224K [0x00000000c3a00000, 0x0000000100000000)
  region size 1024K, 4 young (4096K), 1 survivors (1024K)
 Metaspace       used 5418K, committed 5696K, reserved 1114112K
  class space    used 588K, committed 704K, reserved 1048576K

Heap Regions: E=young(eden), S=young(survivor), O=old, HS=humongous(starts), HC=humongous(continues), CS=collection set, F=free, TAMS=top-at-mark-start, PB=parsable bottom
|   0|0x00000000c3a00000, 0x00000000c3b00000, 0x00000000c3b00000|100%| O|  |TAMS 0x00000000c3a00000| PB 0x00000000c3a00000| Untracked |  0
|   1|0x00000000c3b00000, 0x00000000c3b20000, 0x00000000c3c00000| 12%| O|  |TAMS 0x00000000c3b00000| PB 0x00000000c3b00000| Untracked |  0
|   2|0x00000000c3c00000, 0x00000000c3c00000, 0x00000000c3d00000|  0%| F|  |TAMS 0x00000000c3c00000| PB 0x00000000c3c00000| Untracked |  0
|   3|0x00000000c3d00000, 0x00000000c3d00000, 0x00000000c3e00000|  0%| F|  |TAMS 0x00000000c3d00000| PB 0x00000000c3d00000| Untracked |  0
|   4|0x00000000c3e00000, 0x00000000c3e00000, 0x00000000c3f00000|  0%| F|  |TAMS 0x00000000c3e00000| PB 0x00000000c3e00000| Untracked |  0
|   5|0x00000000c3f00000, 0x00000000c3f00000, 0x00000000c4000000|  0%| F|  |TAMS 0x00000000c3f00000| PB 0x00000000c3f00000| Untracked |  0
|   6|0x00000000c4000000, 0x00000000c4000000, 0x00000000c4100000|  0%| F|  |TAMS 0x00000000c4000000| PB 0x00000000c4000000| Untracked |  0
|   7|0x00000000c4100000, 0x00000000c4100000, 0x00000000c4200000|  0%| F|  |TAMS 0x00000000c4100000| PB 0x00000000c4100000| Untracked |  0
|   8|0x00000000c4200000, 0x00000000c4200000, 0x00000000c4300000|  0%| F|  |TAMS 0x00000000c4200000| PB 0x00000000c4200000| Untracked |  0
|   9|0x00000000c4300000, 0x00000000c4300000, 0x00000000c4400000|  0%| F|  |TAMS 0x00000000c4300000| PB 0x00000000c4300000| Untracked |  0
|  10|0x00000000c4400000, 0x00000000c4400000, 0x00000000c4500000|  0%| F|  |TAMS 0x00000000c4400000| PB 0x00000000c4400000| Untracked |  0
|  11|0x00000000c4500000, 0x00000000c4500000, 0x00000000c4600000|  0%| F|  |TAMS 0x00000000c4500000| PB 0x00000000c4500000| Untracked |  0
|  12|0x00000000c4600000, 0x00000000c4600000, 0x00000000c4700000|  0%| F|  |TAMS 0x00000000c4600000| PB 0x00000000c4600000| Untracked |  0
|  13|0x00000000c4700000, 0x00000000c4700000, 0x00000000c4800000|  0%| F|  |TAMS 0x00000000c4700000| PB 0x00000000c4700000| Untracked |  0
|  14|0x00000000c4800000, 0x00000000c4800000, 0x00000000c4900000|  0%| F|  |TAMS 0x00000000c4800000| PB 0x00000000c4800000| Untracked |  0
|  15|0x00000000c4900000, 0x00000000c4900000, 0x00000000c4a00000|  0%| F|  |TAMS 0x00000000c4900000| PB 0x00000000c4900000| Untracked |  0
|  16|0x00000000c4a00000, 0x00000000c4a00000, 0x00000000c4b00000|  0%| F|  |TAMS 0x00000000c4a00000| PB 0x00000000c4a00000| Untracked |  0
|  17|0x00000000c4b00000, 0x00000000c4b00000, 0x00000000c4c00000|  0%| F|  |TAMS 0x00000000c4b00000| PB 0x00000000c4b00000| Untracked |  0
|  18|0x00000000c4c00000, 0x00000000c4c00000, 0x00000000c4d00000|  0%| F|  |TAMS 0x00000000c4c00000| PB 0x00000000c4c00000| Untracked |  0
|  19|0x00000000c4d00000, 0x00000000c4d00000, 0x00000000c4e00000|  0%| F|  |TAMS 0x00000000c4d00000| PB 0x00000000c4d00000| Untracked |  0
|  20|0x00000000c4e00000, 0x00000000c4e00000, 0x00000000c4f00000|  0%| F|  |TAMS 0x00000000c4e00000| PB 0x00000000c4e00000| Untracked |  0
|  21|0x00000000c4f00000, 0x00000000c4f00000, 0x00000000c5000000|  0%| F|  |TAMS 0x00000000c4f00000| PB 0x00000000c4f00000| Untracked |  0
|  22|0x00000000c5000000, 0x00000000c5000000, 0x00000000c5100000|  0%| F|  |TAMS 0x00000000c5000000| PB 0x00000000c5000000| Untracked |  0
|  23|0x00000000c5100000, 0x00000000c5100000, 0x00000000c5200000|  0%| F|  |TAMS 0x00000000c5100000| PB 0x00000000c5100000| Untracked |  0
|  24|0x00000000c5200000, 0x00000000c5200000, 0x00000000c5300000|  0%| F|  |TAMS 0x00000000c5200000| PB 0x00000000c5200000| Untracked |  0
|  25|0x00000000c5300000, 0x00000000c5300000, 0x00000000c5400000|  0%| F|  |TAMS 0x00000000c5300000| PB 0x00000000c5300000| Untracked |  0
|  26|0x00000000c5400000, 0x00000000c5400000, 0x00000000c5500000|  0%| F|  |TAMS 0x00000000c5400000| PB 0x00000000c5400000| Untracked |  0
|  27|0x00000000c5500000, 0x00000000c5500000, 0x00000000c5600000|  0%| F|  |TAMS 0x00000000c5500000| PB 0x00000000c5500000| Untracked |  0
|  28|0x00000000c5600000, 0x00000000c5600000, 0x00000000c5700000|  0%| F|  |TAMS 0x00000000c5600000| PB 0x00000000c5600000| Untracked |  0
|  29|0x00000000c5700000, 0x00000000c5700000, 0x00000000c5800000|  0%| F|  |TAMS 0x00000000c5700000| PB 0x00000000c5700000| Untracked |  0
|  30|0x00000000c5800000, 0x00000000c5800000, 0x00000000c5900000|  0%| F|  |TAMS 0x00000000c5800000| PB 0x00000000c5800000| Untracked |  0
|  31|0x00000000c5900000, 0x00000000c5900000, 0x00000000c5a00000|  0%| F|  |TAMS 0x00000000c5900000| PB 0x00000000c5900000| Untracked |  0
|  32|0x00000000c5a00000, 0x00000000c5a00000, 0x00000000c5b00000|  0%| F|  |TAMS 0x00000000c5a00000| PB 0x00000000c5a00000| Untracked |  0
|  33|0x00000000c5b00000, 0x00000000c5b00000, 0x00000000c5c00000|  0%| F|  |TAMS 0x00000000c5b00000| PB 0x00000000c5b00000| Untracked |  0
|  34|0x00000000c5c00000, 0x00000000c5c00000, 0x00000000c5d00000|  0%| F|  |TAMS 0x00000000c5c00000| PB 0x00000000c5c00000| Untracked |  0
|  35|0x00000000c5d00000, 0x00000000c5d00000, 0x00000000c5e00000|  0%| F|  |TAMS 0x00000000c5d00000| PB 0x00000000c5d00000| Untracked |  0
|  36|0x00000000c5e00000, 0x00000000c5e00000, 0x00000000c5f00000|  0%| F|  |TAMS 0x00000000c5e00000| PB 0x00000000c5e00000| Untracked |  0
|  37|0x00000000c5f00000, 0x00000000c5f00000, 0x00000000c6000000|  0%| F|  |TAMS 0x00000000c5f00000| PB 0x00000000c5f00000| Untracked |  0
|  38|0x00000000c6000000, 0x00000000c6000000, 0x00000000c6100000|  0%| F|  |TAMS 0x00000000c6000000| PB 0x00000000c6000000| Untracked |  0
|  39|0x00000000c6100000, 0x00000000c6100000, 0x00000000c6200000|  0%| F|  |TAMS 0x00000000c6100000| PB 0x00000000c6100000| Untracked |  0
|  40|0x00000000c6200000, 0x00000000c6200000, 0x00000000c6300000|  0%| F|  |TAMS 0x00000000c6200000| PB 0x00000000c6200000| Untracked |  0
|  41|0x00000000c6300000, 0x00000000c6300000, 0x00000000c6400000|  0%| F|  |TAMS 0x00000000c6300000| PB 0x00000000c6300000| Untracked |  0
|  42|0x00000000c6400000, 0x00000000c6400000, 0x00000000c6500000|  0%| F|  |TAMS 0x00000000c6400000| PB 0x00000000c6400000| Untracked |  0
|  43|0x00000000c6500000, 0x00000000c6500000, 0x00000000c6600000|  0%| F|  |TAMS 0x00000000c6500000| PB 0x00000000c6500000| Untracked |  0
|  44|0x00000000c6600000, 0x00000000c6600000, 0x00000000c6700000|  0%| F|  |TAMS 0x00000000c6600000| PB 0x00000000c6600000| Untracked |  0
|  45|0x00000000c6700000, 0x00000000c6700000, 0x00000000c6800000|  0%| F|  |TAMS 0x00000000c6700000| PB 0x00000000c6700000| Untracked |  0
|  46|0x00000000c6800000, 0x00000000c6800000, 0x00000000c6900000|  0%| F|  |TAMS 0x00000000c6800000| PB 0x00000000c6800000| Untracked |  0
|  47|0x00000000c6900000, 0x00000000c6900000, 0x00000000c6a00000|  0%| F|  |TAMS 0x00000000c6900000| PB 0x00000000c6900000| Untracked |  0
|  48|0x00000000c6a00000, 0x00000000c6a00000, 0x00000000c6b00000|  0%| F|  |TAMS 0x00000000c6a00000| PB 0x00000000c6a00000| Untracked |  0
|  49|0x00000000c6b00000, 0x00000000c6b00000, 0x00000000c6c00000|  0%| F|  |TAMS 0x00000000c6b00000| PB 0x00000000c6b00000| Untracked |  0
|  50|0x00000000c6c00000, 0x00000000c6c00000, 0x00000000c6d00000|  0%| F|  |TAMS 0x00000000c6c00000| PB 0x00000000c6c00000| Untracked |  0
|  51|0x00000000c6d00000, 0x00000000c6d00000, 0x00000000c6e00000|  0%| F|  |TAMS 0x00000000c6d00000| PB 0x00000000c6d00000| Untracked |  0
|  52|0x00000000c6e00000, 0x00000000c6e00000, 0x00000000c6f00000|  0%| F|  |TAMS 0x00000000c6e00000| PB 0x00000000c6e00000| Untracked |  0
|  53|0x00000000c6f00000, 0x00000000c6f00000, 0x00000000c7000000|  0%| F|  |TAMS 0x00000000c6f00000| PB 0x00000000c6f00000| Untracked |  0
|  54|0x00000000c7000000, 0x00000000c7100000, 0x00000000c7100000|100%| S|CS|TAMS 0x00000000c7000000| PB 0x00000000c7000000| Complete |  0
|  55|0x00000000c7100000, 0x00000000c7100000, 0x00000000c7200000|  0%| F|  |TAMS 0x00000000c7100000| PB 0x00000000c7100000| Untracked |  0
|  56|0x00000000c7200000, 0x00000000c7200000, 0x00000000c7300000|  0%| F|  |TAMS 0x00000000c7200000| PB 0x00000000c7200000| Untracked |  0
|  57|0x00000000c7300000, 0x00000000c7300000, 0x00000000c7400000|  0%| F|  |TAMS 0x00000000c7300000| PB 0x00000000c7300000| Untracked |  0
|  58|0x00000000c7400000, 0x00000000c7400000, 0x00000000c7500000|  0%| F|  |TAMS 0x00000000c7400000| PB 0x00000000c7400000| Untracked |  0
|  59|0x00000000c7500000, 0x00000000c7535828, 0x00000000c7600000| 20%| E|  |TAMS 0x00000000c7500000| PB 0x00000000c7500000| Complete |  0
|  60|0x00000000c7600000, 0x00000000c7700000, 0x00000000c7700000|100%| E|CS|TAMS 0x00000000c7600000| PB 0x00000000c7600000| Complete |  0
|  61|0x00000000c7700000, 0x00000000c7800000, 0x00000000c7800000|100%| E|CS|TAMS 0x00000000c7700000| PB 0x00000000c7700000| Complete |  0

Card table byte_map: [0x000001a8ddc00000,0x000001a8dddf0000] _byte_map_base: 0x000001a8dd5e3000

Marking Bits: (CMBitMap*) 0x000001a8c64ef520
 Bits: [0x000001a8dddf0000, 0x000001a8ded08000)

Polling page: 0x000001a8c4330000

Metaspace:

Usage:
  Non-class:      4.72 MB used.
      Class:    588.52 KB used.
       Both:      5.29 MB used.

Virtual space:
  Non-class space:       64.00 MB reserved,       4.88 MB (  8%) committed,  1 nodes.
      Class space:        1.00 GB reserved,     704.00 KB ( <1%) committed,  1 nodes.
             Both:        1.06 GB reserved,       5.56 MB ( <1%) committed. 

Chunk freelists:
   Non-Class:  10.87 MB
       Class:  15.25 MB
        Both:  26.12 MB

MaxMetaspaceSize: unlimited
CompressedClassSpaceSize: 1.00 GB
Initial GC threshold: 21.00 MB
Current GC threshold: 21.00 MB
CDS: on
 - commit_granule_bytes: 65536.
 - commit_granule_words: 8192.
 - virtual_space_node_default_size: 8388608.
 - enlarge_chunks_in_place: 1.
 - use_allocation_guard: 0.


Internal statistics:

num_allocs_failed_limit: 0.
num_arena_births: 110.
num_arena_deaths: 0.
num_vsnodes_births: 2.
num_vsnodes_deaths: 0.
num_space_committed: 89.
num_space_uncommitted: 0.
num_chunks_returned_to_freelist: 0.
num_chunks_taken_from_freelist: 128.
num_chunk_merges: 0.
num_chunk_splits: 85.
num_chunks_enlarged: 46.
num_inconsistent_stats: 0.

CodeHeap 'non-profiled nmethods': size=120128Kb used=252Kb max_used=252Kb free=119876Kb
 bounds [0x000001a8d66b0000, 0x000001a8d6920000, 0x000001a8ddc00000]
CodeHeap 'profiled nmethods': size=120000Kb used=1095Kb max_used=1095Kb free=118904Kb
 bounds [0x000001a8cec00000, 0x000001a8cee70000, 0x000001a8d6130000]
CodeHeap 'non-nmethods': size=5632Kb used=1372Kb max_used=1381Kb free=4260Kb
 bounds [0x000001a8d6130000, 0x000001a8d63a0000, 0x000001a8d66b0000]
CodeCache: size=245760Kb, used=2719Kb, max_used=2728Kb, free=243040Kb
 total_blobs=1460, nmethods=979, adapters=388, full_count=0
Compilation: enabled, stopped_count=0, restarted_count=0

Compilation events (20 events):
Event: 6.875 Thread 0x000001a8e108b990  876       2       java.lang.Module::isNamed (13 bytes)
Event: 6.875 Thread 0x000001a8e108b990 nmethod 876 0x000001a8cecf8a88 code [0x000001a8cecf8ba0, 0x000001a8cecf8cb8]
Event: 6.875 Thread 0x000001a8e108b990  877       1       com.sun.management.internal.DiagnosticCommandInfo::getArgumentsInfo (5 bytes)
Event: 6.875 Thread 0x000001a8e108b990 nmethod 877 0x000001a8d66eac88 code [0x000001a8d66eada0, 0x000001a8d66eae68]
Event: 6.876 Thread 0x000001a8e108b990  878       2       java.util.TreeMap::rotateRight (96 bytes)
Event: 6.876 Thread 0x000001a8e108b990 nmethod 878 0x000001a8cecf8d88 code [0x000001a8cecf8ec0, 0x000001a8cecf92f8]
Event: 6.877 Thread 0x000001a8e108b990  879       2       java.lang.invoke.MethodTypeForm::cachedLambdaForm (23 bytes)
Event: 6.877 Thread 0x000001a8e108b990 nmethod 879 0x000001a8cecf9308 code [0x000001a8cecf9440, 0x000001a8cecf9610]
Event: 6.877 Thread 0x000001a8e108b990  880       2       java.lang.invoke.LambdaFormBuffer::ownedCount (7 bytes)
Event: 6.877 Thread 0x000001a8e108b990 nmethod 880 0x000001a8cecf9688 code [0x000001a8cecf97a0, 0x000001a8cecf98b0]
Event: 6.877 Thread 0x000001a8e108b990  881       2       java.lang.invoke.InvokerBytecodeGenerator::emitImplicitConversion (161 bytes)
Event: 6.878 Thread 0x000001a8e108b990 nmethod 881 0x000001a8cecf9988 code [0x000001a8cecf9ba0, 0x000001a8cecfa1f8]
Event: 6.878 Thread 0x000001a8e108b990  882       2       jdk.internal.org.objectweb.asm.MethodWriter::visitMethodInsn (191 bytes)
Event: 6.879 Thread 0x000001a8e108b990 nmethod 882 0x000001a8cecfa288 code [0x000001a8cecfa400, 0x000001a8cecfa780]
Event: 6.879 Thread 0x000001a8e108b990  883       2       jdk.internal.org.objectweb.asm.SymbolTable::addConstantMethodref (24 bytes)
Event: 6.879 Thread 0x000001a8e108b990 nmethod 883 0x000001a8cecfa808 code [0x000001a8cecfa920, 0x000001a8cecfaa68]
Event: 6.881 Thread 0x000001a8e108b990  885       1       com.sun.management.internal.DiagnosticCommandInfo::getPermissionClass (5 bytes)
Event: 6.881 Thread 0x000001a8e108b990 nmethod 885 0x000001a8d66eb308 code [0x000001a8d66eb420, 0x000001a8d66eb4e8]
Event: 6.881 Thread 0x000001a8e108b990  886       2       java.lang.ref.ReferenceQueue::poll0 (65 bytes)
Event: 6.882 Thread 0x000001a8e108b990 nmethod 886 0x000001a8cecfab08 code [0x000001a8cecfac40, 0x000001a8cecfaf70]

GC Heap History (2 events):
Event: 6.619 GC heap before
{Heap before GC invocations=0 (full 0):
 garbage-first heap   total reserved 989184K, committed 63488K, used 6144K [0x00000000c3a00000, 0x0000000100000000)
  region size 1024K, 7 young (7168K), 0 survivors (0K)
 Metaspace       used 4397K, committed 4544K, reserved 1114112K
  class space    used 463K, committed 512K, reserved 1048576K
}
Event: 6.808 GC heap after
{Heap after GC invocations=1 (full 0):
 garbage-first heap   total reserved 989184K, committed 63488K, used 2176K [0x00000000c3a00000, 0x0000000100000000)
  region size 1024K, 1 young (1024K), 1 survivors (1024K)
 Metaspace       used 4397K, committed 4544K, reserved 1114112K
  class space    used 463K, committed 512K, reserved 1048576K
}

Dll operation events (12 events):
Event: 1.799 Loaded shared library C:\Users\nicol\.jdks\openjdk-23.0.1\bin\java.dll
Event: 3.834 Loaded shared library C:\Users\nicol\.jdks\openjdk-23.0.1\bin\jsvml.dll
Event: 4.745 Loaded shared library C:\Users\nicol\.jdks\openjdk-23.0.1\bin\zip.dll
Event: 4.816 Loaded shared library C:\Users\nicol\.jdks\openjdk-23.0.1\bin\instrument.dll
Event: 4.996 Loaded shared library C:\Users\nicol\.jdks\openjdk-23.0.1\bin\zip.dll
Event: 5.013 Loaded shared library C:\Users\nicol\.jdks\openjdk-23.0.1\bin\jimage.dll
Event: 5.370 Loaded shared library C:\Users\nicol\.jdks\openjdk-23.0.1\bin\net.dll
Event: 5.737 Loaded shared library C:\Users\nicol\.jdks\openjdk-23.0.1\bin\nio.dll
Event: 5.837 Loaded shared library C:\Users\nicol\AppData\Local\JetBrains\IntelliJ IDEA 2024.3.1.1\bin\breakgen64.dll
Event: 5.945 Loaded shared library C:\Users\nicol\.jdks\openjdk-23.0.1\bin\management.dll
Event: 5.973 Loaded shared library C:\Users\nicol\.jdks\openjdk-23.0.1\bin\extnet.dll
Event: 5.993 Loaded shared library C:\Users\nicol\.jdks\openjdk-23.0.1\bin\management_ext.dll

Deoptimization events (20 events):
Event: 5.046 Thread 0x000001a8e10824c0 Uncommon trap: trap_request=0xffffff45 fr.pc=0x000001a8d66bc88c relative=0x000000000000084c
Event: 5.047 Thread 0x000001a8e10824c0 Uncommon trap: reason=unstable_if action=reinterpret pc=0x000001a8d66bc88c method=java.util.HashMap.putVal(ILjava/lang/Object;Ljava/lang/Object;ZZ)Ljava/lang/Object; @ 69 c2
Event: 5.047 Thread 0x000001a8e10824c0 DEOPT PACKING pc=0x000001a8d66bc88c sp=0x0000005f023feab0
Event: 5.048 Thread 0x000001a8e10824c0 DEOPT UNPACKING pc=0x000001a8d61843fc sp=0x0000005f023fea60 mode 2
Event: 5.749 Thread 0x000001a8c420eb20 DEOPT PACKING pc=0x000001a8cec00228 sp=0x0000005f018fdde0
Event: 5.749 Thread 0x000001a8c420eb20 DEOPT UNPACKING pc=0x000001a8d6184b83 sp=0x0000005f018fd268 mode 0
Event: 5.845 Thread 0x000001a8c420eb20 Uncommon trap: trap_request=0xffffff45 fr.pc=0x000001a8d66c2650 relative=0x00000000000000b0
Event: 5.845 Thread 0x000001a8c420eb20 Uncommon trap: reason=unstable_if action=reinterpret pc=0x000001a8d66c2650 method=java.lang.String.isLatin1()Z @ 10 c2
Event: 5.846 Thread 0x000001a8c420eb20 DEOPT PACKING pc=0x000001a8d66c2650 sp=0x0000005f018feef0
Event: 5.846 Thread 0x000001a8c420eb20 DEOPT UNPACKING pc=0x000001a8d61843fc sp=0x0000005f018fee30 mode 2
Event: 6.505 Thread 0x000001a8e10824c0 DEOPT PACKING pc=0x000001a8cecb7841 sp=0x0000005f023fd8c0
Event: 6.505 Thread 0x000001a8e10824c0 DEOPT UNPACKING pc=0x000001a8d6184b83 sp=0x0000005f023fcd48 mode 0
Event: 6.579 Thread 0x000001a8e10824c0 Uncommon trap: trap_request=0xffffff45 fr.pc=0x000001a8d66e8c4c relative=0x00000000000000ac
Event: 6.579 Thread 0x000001a8e10824c0 Uncommon trap: reason=unstable_if action=reinterpret pc=0x000001a8d66e8c4c method=jdk.internal.util.xml.impl.Parser.bappend(CC)V @ 1 c2
Event: 6.579 Thread 0x000001a8e10824c0 DEOPT PACKING pc=0x000001a8d66e8c4c sp=0x0000005f023fd850
Event: 6.579 Thread 0x000001a8e10824c0 DEOPT UNPACKING pc=0x000001a8d61843fc sp=0x0000005f023fd7d8 mode 2
Event: 6.579 Thread 0x000001a8e10824c0 Uncommon trap: trap_request=0xffffff45 fr.pc=0x000001a8d66e88e4 relative=0x0000000000000064
Event: 6.579 Thread 0x000001a8e10824c0 Uncommon trap: reason=unstable_if action=reinterpret pc=0x000001a8d66e88e4 method=jdk.internal.util.xml.impl.Parser.ensureCapacity(I)V @ 40 c2
Event: 6.579 Thread 0x000001a8e10824c0 DEOPT PACKING pc=0x000001a8d66e88e4 sp=0x0000005f023fd850
Event: 6.579 Thread 0x000001a8e10824c0 DEOPT UNPACKING pc=0x000001a8d61843fc sp=0x0000005f023fd7c8 mode 2

Classes loaded (20 events):
Event: 6.564 Loading class jdk/jfr/internal/jfc/model/XmlText done
Event: 6.564 Loading class jdk/jfr/internal/jfc/model/XmlSelection
Event: 6.564 Loading class jdk/jfr/internal/jfc/model/XmlSelection done
Event: 6.564 Loading class jdk/jfr/internal/jfc/model/XmlFlag
Event: 6.564 Loading class jdk/jfr/internal/jfc/model/XmlFlag done
Event: 6.565 Loading class jdk/jfr/internal/jfc/model/XmlOption
Event: 6.565 Loading class jdk/jfr/internal/jfc/model/XmlOption done
Event: 6.566 Loading class jdk/jfr/internal/jfc/model/XmlOr
Event: 6.566 Loading class jdk/jfr/internal/jfc/model/XmlOr done
Event: 6.566 Loading class jdk/jfr/internal/jfc/model/XmlAnd
Event: 6.566 Loading class jdk/jfr/internal/jfc/model/XmlAnd done
Event: 6.566 Loading class jdk/jfr/internal/jfc/model/XmlTest
Event: 6.566 Loading class jdk/jfr/internal/jfc/model/XmlTest done
Event: 6.566 Loading class jdk/jfr/internal/jfc/model/XmlNot
Event: 6.566 Loading class jdk/jfr/internal/jfc/model/XmlNot done
Event: 6.615 Loading class java/net/ProxySelector done
Event: 6.616 Loading class sun/nio/cs/StreamDecoder done
Event: 6.844 Loading class jdk/jfr/internal/util/Utils
Event: 6.851 Loading class jdk/jfr/internal/util/Utils done
Event: 6.885 Loading class com/sun/management/GcInfo

Classes unloaded (0 events):
No events

Classes redefined (0 events):
No events

Internal exceptions (8 events):
Event: 5.816 Thread 0x000001a8c420eb20 Exception <a 'java/lang/NoSuchMethodError'{0x00000000c7574ce0}: 'java.lang.Object java.lang.invoke.Invokers$Holder.invokeExact_MT(java.lang.Object, java.lang.Object, java.lang.Object, java.lang.Object, java.lang.Object)'> (0x00000000c7574ce0) 
thrown [s\open\src\hotspot\share\interpreter\linkResolver.cpp, line 796]
Event: 6.010 Thread 0x000001a8e10824c0 Exception <a 'java/lang/NoSuchMethodError'{0x00000000c75b6960}: 'int java.lang.invoke.DirectMethodHandle$Holder.invokeInterface(java.lang.Object, java.lang.Object)'> (0x00000000c75b6960) 
thrown [s\open\src\hotspot\share\interpreter\linkResolver.cpp, line 796]
Event: 6.011 Thread 0x000001a8e10824c0 Exception <a 'java/lang/IncompatibleClassChangeError'{0x00000000c75b9c58}: Found class java.lang.Object, but interface was expected> (0x00000000c75b9c58) 
thrown [s\open\src\hotspot\share\interpreter\linkResolver.cpp, line 863]
Event: 6.014 Thread 0x000001a8e10824c0 Exception <a 'java/lang/NoSuchMethodError'{0x00000000c75bf428}: 'void java.lang.invoke.DirectMethodHandle$Holder.invokeStatic(java.lang.Object, java.lang.Object)'> (0x00000000c75bf428) 
thrown [s\open\src\hotspot\share\interpreter\linkResolver.cpp, line 796]
Event: 6.180 Thread 0x000001a8e10824c0 Exception <a 'java/lang/NoSuchMethodError'{0x00000000c7499b18}: 'void java.lang.invoke.DirectMethodHandle$Holder.invokeSpecial(java.lang.Object, java.lang.Object, java.lang.Object)'> (0x00000000c7499b18) 
thrown [s\open\src\hotspot\share\interpreter\linkResolver.cpp, line 796]
Event: 6.188 Thread 0x000001a8e10824c0 Exception <a 'java/lang/NoSuchMethodError'{0x00000000c74a33c8}: 'void java.lang.invoke.DirectMethodHandle$Holder.invokeStatic(java.lang.Object, int, java.lang.Object)'> (0x00000000c74a33c8) 
thrown [s\open\src\hotspot\share\interpreter\linkResolver.cpp, line 796]
Event: 6.238 Thread 0x000001a8e10824c0 Exception <a 'java/lang/NoSuchMethodError'{0x00000000c74ea2d8}: 'int java.lang.invoke.DirectMethodHandle$Holder.invokeSpecial(java.lang.Object, java.lang.Object, java.lang.Object)'> (0x00000000c74ea2d8) 
thrown [s\open\src\hotspot\share\interpreter\linkResolver.cpp, line 796]
Event: 6.404 Thread 0x000001a8e10824c0 Exception <a 'java/lang/NoSuchMethodError'{0x00000000c7239cc8}: 'java.lang.Object java.lang.invoke.DirectMethodHandle$Holder.invokeStaticInit(java.lang.Object, java.lang.Object, java.lang.Object)'> (0x00000000c7239cc8) 
thrown [s\open\src\hotspot\share\interpreter\linkResolver.cpp, line 796]

VM Operations (10 events):
Event: 4.092 Executing VM operation: HandshakeAllThreads (Deoptimize)
Event: 4.137 Executing VM operation: HandshakeAllThreads (Deoptimize) done
Event: 5.049 Executing VM operation: HandshakeAllThreads (Deoptimize)
Event: 5.105 Executing VM operation: HandshakeAllThreads (Deoptimize) done
Event: 5.738 Executing VM operation: HandshakeAllThreads (Deoptimize)
Event: 5.739 Executing VM operation: HandshakeAllThreads (Deoptimize) done
Event: 5.970 Executing VM operation: HandshakeAllThreads (Deoptimize)
Event: 5.970 Executing VM operation: HandshakeAllThreads (Deoptimize) done
Event: 6.590 Executing VM operation: G1CollectForAllocation (G1 Evacuation Pause)
Event: 6.808 Executing VM operation: G1CollectForAllocation (G1 Evacuation Pause) done

Memory protections (0 events):
No events

Nmethod flushes (0 events):
No events

Events (12 events):
Event: 2.785 Thread 0x000001a8c420eb20 Thread added: 0x000001a8c420eb20
Event: 3.623 Thread 0x000001a8c420eb20 Thread added: 0x000001a8e107e420
Event: 3.624 Thread 0x000001a8c420eb20 Thread added: 0x000001a8e107fff0
Event: 3.628 Thread 0x000001a8c420eb20 Thread added: 0x000001a8e1080a50
Event: 3.629 Thread 0x000001a8c420eb20 Thread added: 0x000001a8e10824c0
Event: 3.629 Thread 0x000001a8c420eb20 Thread added: 0x000001a8e1082f20
Event: 3.644 Thread 0x000001a8c420eb20 Thread added: 0x000001a8e1083980
Event: 3.646 Thread 0x000001a8c420eb20 Thread added: 0x000001a8e1086720
Event: 3.683 Thread 0x000001a8c420eb20 Thread added: 0x000001a8e108b990
Event: 4.044 Thread 0x000001a8c420eb20 Thread added: 0x000001a8c1040520
Event: 5.843 Thread 0x000001a8c420eb20 Thread added: 0x000001a8c126b110
Event: 5.844 Thread 0x000001a8c420eb20 Thread added: 0x000001a8c126b780


Dynamic libraries:
0x00007ff643560000 - 0x00007ff64356e000 	C:\Users\nicol\.jdks\openjdk-23.0.1\bin\java.exe
0x00007ffb87af0000 - 0x00007ffb87ce8000 	C:\WINDOWS\SYSTEM32\ntdll.dll
0x00007ffb85fc0000 - 0x00007ffb8607f000 	C:\WINDOWS\System32\KERNEL32.DLL
0x00007ffb85870000 - 0x00007ffb85b4a000 	C:\WINDOWS\System32\KERNELBASE.dll
0x00007ffb85310000 - 0x00007ffb85410000 	C:\WINDOWS\System32\ucrtbase.dll
0x00007ffb807a0000 - 0x00007ffb807bb000 	C:\Users\nicol\.jdks\openjdk-23.0.1\bin\VCRUNTIME140.dll
0x00007ffb7e590000 - 0x00007ffb7e5a7000 	C:\Users\nicol\.jdks\openjdk-23.0.1\bin\jli.dll
0x00007ffb86980000 - 0x00007ffb86b1d000 	C:\WINDOWS\System32\USER32.dll
0x00007ffb85480000 - 0x00007ffb854a2000 	C:\WINDOWS\System32\win32u.dll
0x00007ffb871a0000 - 0x00007ffb871cb000 	C:\WINDOWS\System32\GDI32.dll
0x00007ffb85200000 - 0x00007ffb85310000 	C:\WINDOWS\System32\gdi32full.dll
0x00007ffb85610000 - 0x00007ffb856ad000 	C:\WINDOWS\System32\msvcp_win.dll
0x00007ffb6b170000 - 0x00007ffb6b40a000 	C:\WINDOWS\WinSxS\amd64_microsoft.windows.common-controls_6595b64144ccf1df_6.0.19041.1110_none_60b5254171f9507e\COMCTL32.dll
0x00007ffb86d90000 - 0x00007ffb86e2e000 	C:\WINDOWS\System32\msvcrt.dll
0x00007ffb85f90000 - 0x00007ffb85fc0000 	C:\WINDOWS\System32\IMM32.DLL
0x00007ffb82650000 - 0x00007ffb8265c000 	C:\Users\nicol\.jdks\openjdk-23.0.1\bin\vcruntime140_1.dll
0x00007ffb63360000 - 0x00007ffb633ee000 	C:\Users\nicol\.jdks\openjdk-23.0.1\bin\msvcp140.dll
0x00007ffb3c970000 - 0x00007ffb3d6bf000 	C:\Users\nicol\.jdks\openjdk-23.0.1\bin\server\jvm.dll
0x00007ffb86740000 - 0x00007ffb867ee000 	C:\WINDOWS\System32\ADVAPI32.dll
0x00007ffb871d0000 - 0x00007ffb8726c000 	C:\WINDOWS\System32\sechost.dll
0x00007ffb85b50000 - 0x00007ffb85c76000 	C:\WINDOWS\System32\RPCRT4.dll
0x00007ffb86ba0000 - 0x00007ffb86c0b000 	C:\WINDOWS\System32\WS2_32.dll
0x00007ffb84fc0000 - 0x00007ffb8500b000 	C:\WINDOWS\SYSTEM32\POWRPROF.dll
0x00007ffb689a0000 - 0x00007ffb689c7000 	C:\WINDOWS\SYSTEM32\WINMM.dll
0x00007ffb7c4d0000 - 0x00007ffb7c4da000 	C:\WINDOWS\SYSTEM32\VERSION.dll
0x00007ffb84fa0000 - 0x00007ffb84fb2000 	C:\WINDOWS\SYSTEM32\UMPDC.dll
0x00007ffb83a50000 - 0x00007ffb83a62000 	C:\WINDOWS\SYSTEM32\kernel.appcore.dll
0x00007ffb825f0000 - 0x00007ffb825fa000 	C:\Users\nicol\.jdks\openjdk-23.0.1\bin\jimage.dll
0x00007ffb83760000 - 0x00007ffb83944000 	C:\WINDOWS\SYSTEM32\DBGHELP.DLL
0x00007ffb65020000 - 0x00007ffb65054000 	C:\WINDOWS\SYSTEM32\dbgcore.DLL
0x00007ffb856e0000 - 0x00007ffb85762000 	C:\WINDOWS\System32\bcryptPrimitives.dll
0x00007ffb7e690000 - 0x00007ffb7e69f000 	C:\Users\nicol\.jdks\openjdk-23.0.1\bin\instrument.dll
0x00007ffb7e080000 - 0x00007ffb7e09e000 	C:\Users\nicol\.jdks\openjdk-23.0.1\bin\java.dll
0x00007ffb867f0000 - 0x00007ffb8691a000 	C:\WINDOWS\System32\ole32.dll
0x00007ffb86e30000 - 0x00007ffb87184000 	C:\WINDOWS\System32\combase.dll
0x00007ffb87300000 - 0x00007ffb87a44000 	C:\WINDOWS\System32\SHELL32.dll
0x00007ffb82ef0000 - 0x00007ffb83683000 	C:\WINDOWS\SYSTEM32\windows.storage.dll
0x00007ffb84b80000 - 0x00007ffb84bae000 	C:\WINDOWS\SYSTEM32\Wldp.dll
0x00007ffb85e30000 - 0x00007ffb85edd000 	C:\WINDOWS\System32\SHCORE.dll
0x00007ffb86920000 - 0x00007ffb86975000 	C:\WINDOWS\System32\shlwapi.dll
0x00007ffb85140000 - 0x00007ffb8515f000 	C:\WINDOWS\SYSTEM32\profapi.dll
0x00007ffb55a00000 - 0x00007ffb55ad7000 	C:\Users\nicol\.jdks\openjdk-23.0.1\bin\jsvml.dll
0x00007ffb7d740000 - 0x00007ffb7d757000 	C:\Users\nicol\.jdks\openjdk-23.0.1\bin\zip.dll
0x00007ffb7e600000 - 0x00007ffb7e610000 	C:\Users\nicol\.jdks\openjdk-23.0.1\bin\net.dll
0x00007ffb848e0000 - 0x00007ffb8494a000 	C:\WINDOWS\system32\mswsock.dll
0x00007ffb7cd40000 - 0x00007ffb7cd56000 	C:\Users\nicol\.jdks\openjdk-23.0.1\bin\nio.dll
0x00007ffb84620000 - 0x00007ffb846eb000 	C:\WINDOWS\SYSTEM32\DNSAPI.dll
0x00007ffb845d0000 - 0x00007ffb8460c000 	C:\WINDOWS\SYSTEM32\IPHLPAPI.DLL
0x00007ffb87290000 - 0x00007ffb87298000 	C:\WINDOWS\System32\NSI.dll
0x00007ffb69930000 - 0x00007ffb6993a000 	C:\Windows\System32\rasadhlp.dll
0x00007ffb69f60000 - 0x00007ffb69fe0000 	C:\WINDOWS\System32\fwpuclnt.dll
0x00007ffb856b0000 - 0x00007ffb856d7000 	C:\WINDOWS\System32\bcrypt.dll
0x00007ffb7ba70000 - 0x00007ffb7ba8a000 	C:\Users\nicol\AppData\Local\JetBrains\IntelliJ IDEA 2024.3.1.1\bin\breakgen64.dll
0x00007ffb7e070000 - 0x00007ffb7e07a000 	C:\Users\nicol\.jdks\openjdk-23.0.1\bin\management.dll
0x00007ffb7d890000 - 0x00007ffb7d899000 	C:\Users\nicol\.jdks\openjdk-23.0.1\bin\extnet.dll
0x00007ffb7d580000 - 0x00007ffb7d58b000 	C:\Users\nicol\.jdks\openjdk-23.0.1\bin\management_ext.dll
0x00007ffb87190000 - 0x00007ffb87198000 	C:\WINDOWS\System32\PSAPI.DLL
0x00007ffb84ad0000 - 0x00007ffb84ae8000 	C:\WINDOWS\SYSTEM32\CRYPTSP.dll
0x00007ffb84200000 - 0x00007ffb84234000 	C:\WINDOWS\system32\rsaenh.dll
0x00007ffb850c0000 - 0x00007ffb850ee000 	C:\WINDOWS\SYSTEM32\USERENV.dll
0x00007ffb84af0000 - 0x00007ffb84afc000 	C:\WINDOWS\SYSTEM32\CRYPTBASE.dll
0x00007ffb80870000 - 0x00007ffb80887000 	C:\WINDOWS\system32\napinsp.dll
0x00007ffb7b940000 - 0x00007ffb7b95b000 	C:\WINDOWS\system32\pnrpnsp.dll
0x00007ffb7fdf0000 - 0x00007ffb7fe05000 	C:\WINDOWS\system32\wshbth.dll
0x00007ffb80660000 - 0x00007ffb8067d000 	C:\WINDOWS\system32\NLAapi.dll
0x00007ffb7b2b0000 - 0x00007ffb7b2c2000 	C:\WINDOWS\System32\winrnr.dll

dbghelp: loaded successfully - version: 4.0.5 - missing functions: none
symbol engine: initialized successfully - sym options: 0x614 - pdb path: .;C:\Users\nicol\.jdks\openjdk-23.0.1\bin;C:\WINDOWS\SYSTEM32;C:\WINDOWS\WinSxS\amd64_microsoft.windows.common-controls_6595b64144ccf1df_6.0.19041.1110_none_60b5254171f9507e;C:\Users\nicol\.jdks\openjdk-23.0.1\bin\server;C:\Users\nicol\AppData\Local\JetBrains\IntelliJ IDEA 2024.3.1.1\bin

VM Arguments:
jvm_args: -javaagent:C:\Users\nicol\AppData\Local\JetBrains\IntelliJ IDEA 2024.3.1.1\lib\idea_rt.jar=52916:C:\Users\nicol\AppData\Local\JetBrains\IntelliJ IDEA 2024.3.1.1\bin -Dfile.encoding=UTF-8 -Dsun.stdout.encoding=UTF-8 -Dsun.stderr.encoding=UTF-8 
java_command: FemaleArtistsVisualization
java_class_path (initial): C:\Users\nicol\Documents\Lab3\out\production\Lab3
Launcher Type: SUN_STANDARD

[Global flags]
     intx CICompilerCount                          = 2                                         {product} {ergonomic}
     uint ConcGCThreads                            = 1                                         {product} {ergonomic}
     uint G1ConcRefinementThreads                  = 2                                         {product} {ergonomic}
   size_t G1HeapRegionSize                         = 1048576                                   {product} {ergonomic}
   size_t InitialHeapSize                          = 65011712                                  {product} {ergonomic}
   size_t MarkStackSize                            = 4194304                                   {product} {ergonomic}
   size_t MarkStackSizeMax                         = 536870912                                 {product} {ergonomic}
   size_t MaxHeapSize                              = 1012924416                                {product} {ergonomic}
   size_t MaxNewSize                               = 607125504                                 {product} {ergonomic}
   size_t MinHeapDeltaBytes                        = 1048576                                   {product} {ergonomic}
   size_t MinHeapSize                              = 8388608                                   {product} {ergonomic}
    uintx NonNMethodCodeHeapSize                   = 5767168                                {pd product} {ergonomic}
    uintx NonProfiledCodeHeapSize                  = 123011072                              {pd product} {ergonomic}
    uintx ProfiledCodeHeapSize                     = 122880000                              {pd product} {ergonomic}
    uintx ReservedCodeCacheSize                    = 251658240                              {pd product} {ergonomic}
     bool SegmentedCodeCache                       = true                                      {product} {ergonomic}
   size_t SoftMaxHeapSize                          = 1012924416                             {manageable} {ergonomic}
     bool UseCompressedOops                        = true                           {product lp64_product} {ergonomic}
     bool UseG1GC                                  = true                                      {product} {ergonomic}
     bool UseLargePagesIndividualAllocation        = false                                  {pd product} {ergonomic}

Logging:
Log output configuration:
 #0: stdout all=warning uptime,level,tags foldmultilines=false
 #1: stderr all=off uptime,level,tags foldmultilines=false

Environment Variables:
PATH=C:\WINDOWS\system32;C:\WINDOWS;C:\WINDOWS\System32\Wbem;C:\WINDOWS\System32\WindowsPowerShell\v1.0\;C:\WINDOWS\System32\OpenSSH\;C:\Program Files\HP\HP One Agent;C:\Program Files\Git\cmd;C:\Users\nicol\AppData\Local\Microsoft\WindowsApps;C:\Users\nicol\AppData\Local\JetBrains\IntelliJ IDEA 2024.3.1.1\bin;
USERNAME=nicol
OS=Windows_NT
PROCESSOR_IDENTIFIER=Intel64 Family 6 Model 122 Stepping 1, GenuineIntel
TMP=C:\Users\nicol\AppData\Local\Temp
TEMP=C:\Users\nicol\AppData\Local\Temp




Periodic native trim disabled

---------------  S Y S T E M  ---------------

OS:
 Windows 10 , 64 bit Build 19041 (10.0.19041.2788)
OS uptime: 31 days 9:46 hours

CPU: total 2 (initial active 2) (2 cores per cpu, 1 threads per core) family 6 model 122 stepping 1 microcode 0x2e, cx8, cmov, fxsr, mmx, 3dnowpref, sse, sse2, sse3, ssse3, sse4.1, sse4.2, popcnt, tsc, tscinvbit, aes, erms, clmul, sha, clflush, clflushopt, rdtscp, rdpid
Processor Information for the first 2 processors :
  Max Mhz: 1101, Current Mhz: 1101, Mhz Limit: 1101

Memory: 4k page, system-wide physical 3858M (205M free)
TotalPageFile size 11155M (AvailPageFile size 1M)
current process WorkingSet (physical memory assigned to process): 59M, peak: 59M
current process commit charge ("private bytes"): 140M, peak: 140M

vm_info: OpenJDK 64-Bit Server VM (23.0.1+11-39) for windows-amd64 JRE (23.0.1+11-39), built on 2024-09-30T07:20:43Z with MS VC++ 17.6 (VS2022)

END.
